
RAxML-NG v. 1.2.0 released on 09.05.2023 by The Exelixis Lab.
Developed by: Alexey M. Kozlov and Alexandros Stamatakis.
Contributors: Diego Darriba, Tomas Flouri, Benoit Morel, Sarah Lutteropp, Ben Bettisworth, Julia Haag, Anastasis Togkousidis.
Latest version: https://github.com/amkozlov/raxml-ng
Questions/problems/suggestions? Please visit: https://groups.google.com/forum/#!forum/raxml

System: Intel(R) Xeon(R) W-2191B CPU @ 2.30GHz, 18 cores, 256 GB RAM

RAxML-NG was called at 04-May-2024 11:52:17 as follows:

raxml-ng_v1.2.0_macos_x86_64/raxml-ng --evaluate --msa data/split1_train.fna --msa-format fasta --tree data/split1_train.tree --prefix output/split1_train/split1_train --model GTR+G+F

Analysis options:
  run mode: Evaluate tree likelihood
  start tree(s): user
  random seed: 1714837937
  tip-inner: OFF
  pattern compression: ON
  per-rate scalers: OFF
  site repeats: ON
  logLH epsilon: general: 10.000000, brlen-triplet: 1000.000000
  branch lengths: proportional (ML estimate, algorithm: NR-FAST)
  SIMD kernels: AVX2
  parallelization: coarse-grained (auto), PTHREADS (auto)

[00:00:00] Reading alignment from file: data/split1_train.fna
[00:00:00] Loaded alignment with 128 taxa and 35510 sites

Alignment comprises 1 partitions and 5986 patterns

Partition 0: noname
Model: GTR+FC+G4m
Alignment sites / patterns: 35510 / 5986
Gaps: 0.15 %
Invariant sites: 16.87 %


NOTE: Binary MSA file created: output/split1_train/split1_train.raxml.rba

Parallelization scheme autoconfig: 1 worker(s) x 9 thread(s)

[00:00:00] Loading user starting tree(s) from: data/split1_train.tree
Parallel reduction/worker buffer size: 1 KB  / 0 KB

[00:00:00] Data distribution: max. partitions/sites/weight per thread: 1 / 666 / 10656
[00:00:00] Data distribution: max. searches per worker: 1

Evaluating 1 trees

[00:00:00] Tree #1, initial LogLikelihood: -356126.831030

[00:00:00 -356126.831030] Initial branch length optimization
[00:00:00 -356018.713208] Model parameter optimization (eps = 10.000000)

[00:00:00] Tree #1, final logLikelihood: -332982.128961


Optimized model parameters:

   Partition 0: noname
   Rate heterogeneity: GAMMA (4 cats, mean),  alpha: 3.644479 (ML),  weights&rates: (0.250000,0.433697) (0.250000,0.761942) (0.250000,1.084265) (0.250000,1.720096) 
   Base frequencies (empirical): 0.180374 0.320079 0.324554 0.174993 
   Substitution rates (ML): 1.001547 5.500215 2.169474 0.309530 5.842381 1.000000 


Final LogLikelihood: -332982.128961

AIC score: 666488.257923 / AICc score: 666492.167816 / BIC score: 668709.381165
Free parameters (model + branch lengths): 262

Best ML tree saved to: /Users/liaoc/Documents/Fungal_genomic_analysis/NMed_Rev2_codes/Figure5_phylogeny_model/output/split1_train/split1_train.raxml.bestTree
Optimized model saved to: /Users/liaoc/Documents/Fungal_genomic_analysis/NMed_Rev2_codes/Figure5_phylogeny_model/output/split1_train/split1_train.raxml.bestModel

Execution log saved to: /Users/liaoc/Documents/Fungal_genomic_analysis/NMed_Rev2_codes/Figure5_phylogeny_model/output/split1_train/split1_train.raxml.log

Analysis started: 04-May-2024 11:52:17 / finished: 04-May-2024 11:52:18

Elapsed time: 0.655 seconds

